[0m[[0m[0mdebug[0m] [0m[0m> Exec(early(addDefaultCommands), None, None)[0m
[0m[[0m[0mdebug[0m] [0m[0m> Exec(addDefaultCommands, None, None)[0m
[0m[[0m[0mdebug[0m] [0m[0m> Exec(early(initialize), None, None)[0m
[0m[[0m[0mdebug[0m] [0m[0m> Exec(initialize, None, None)[0m
[0m[[0m[0mdebug[0m] [0m[0m> Exec(boot, None, None)[0m
[0m[[0m[0mdebug[0m] [0m[0m> Exec(writeSbtVersion, None, None)[0m
[0m[[0m[0mdebug[0m] [0m[0m> Exec(reload, None, None)[0m
[0m[[0m[0mdebug[0m] [0m[0m> Exec(sbtStashOnFailure, None, None)[0m
[0m[[0m[0mdebug[0m] [0m[0m> Exec(onFailure loadFailed, None, None)[0m
[0m[[0m[0mdebug[0m] [0m[0m> Exec(loadp, None, None)[0m
[0m[[0m[0minfo[0m] [0m[0mwelcome to sbt 1.4.6 (N/A Java 15.0.2)[0m
[0m[[0m[0mdebug[0m] [0m[0m      Load.loadUnit: plugins took 101.323724ms[0m
[0m[[0m[0mdebug[0m] [0m[0m      Load.loadUnit: defsScala took 0.215961ms[0m
[0m[[0m[0mdebug[0m] [0m[0m[Loading] Scanning directory /home/schrodinger/.sbt/1.0/plugins[0m
[0m[[0m[0mdebug[0m] [0m[0m[Loading] Found non-root projects [0m
[0m[[0m[0mdebug[0m] [0m[0m[Loading] Done in /home/schrodinger/.sbt/1.0/plugins, returning: ()[0m
[0m[[0m[0mdebug[0m] [0m[0mdeducing auto plugins based on known facts Set(Atom(sbt.plugins.CorePlugin)) and clauses Clauses(List(Clause(Atom(sbt.plugins.JvmPlugin),Set(Atom(sbt.plugins.IvyPlugin))), Clause(Atom(sbt.ScriptedPlugin),Set(Atom(sbt.plugins.JvmPlugin))), Clause(Atom(sbt.plugins.SbtPlugin),Set(Atom(sbt.ScriptedPlugin))), Clause(Atom(sbt.plugins.SemanticdbPlugin),Set(Atom(sbt.plugins.JvmPlugin))), Clause(Atom(sbt.plugins.JUnitXmlReportPlugin),Set(Atom(sbt.plugins.JvmPlugin))), Clause(Atom(sbt.plugins.MiniDependencyTreePlugin),Set(Atom(sbt.plugins.JvmPlugin))), Clause(Atom(sbt.plugins.CorePlugin),Set(Atom(sbt.plugins.IvyPlugin))), Clause(Atom(sbt.plugins.IvyPlugin),Set(Atom(sbt.plugins.JvmPlugin))), Clause(Atom(sbt.plugins.JvmPlugin),Set(Atom(sbt.plugins.SemanticdbPlugin))), Clause(Atom(sbt.plugins.JvmPlugin),Set(Atom(sbt.plugins.JUnitXmlReportPlugin))), Clause(Atom(sbt.plugins.CorePlugin),Set(Atom(sbt.plugins.Giter8TemplatePlugin))), Clause(Atom(sbt.plugins.JvmPlugin),Set(Atom(sbt.plugins.MiniDependencyTreePlugin)))))[0m
[0m[[0m[0mdebug[0m] [0m[0m  :: deduced result: Matched(sbt.plugins.CorePlugin,sbt.plugins.Giter8TemplatePlugin,sbt.plugins.IvyPlugin,sbt.plugins.JvmPlugin,sbt.plugins.MiniDependencyTreePlugin,sbt.plugins.JUnitXmlReportPlugin,sbt.plugins.SemanticdbPlugin)[0m
[0m[[0m[0mdebug[0m] [0m[0mPlugins.deducer#function took 12.892254 ms[0m
[0m[[0m[0mdebug[0m] [0m[0m          Load.resolveProject(global-plugins) took 27.134402ms[0m
[0m[[0m[0mdebug[0m] [0m[0m        Load.loadTransitive: finalizeProject(Project(id global-plugins, base: /home/schrodinger/.sbt/1.0/plugins, plugins: List(<none>))) took 53.038426ms[0m
[0m[[0m[0mdebug[0m] [0m[0m[Loading] Done in /home/schrodinger/.sbt/1.0/plugins, returning: (global-plugins)[0m
[0m[[0m[0mdebug[0m] [0m[0m      Load.loadUnit: loadedProjectsRaw took 66.042389ms[0m
[0m[[0m[0mdebug[0m] [0m[0m      Load.loadUnit: cleanEvalClasses took 0.148233ms[0m
[0m[[0m[0mdebug[0m] [0m[0m    Load.loadUnit(file:/home/schrodinger/.sbt/1.0/plugins/, ...) took 173.480649ms[0m
[0m[[0m[0mdebug[0m] [0m[0m  Load.apply: load took 283.761307ms[0m
[0m[[0m[0mdebug[0m] [0m[0m  Load.apply: resolveProjects took 2.965913ms[0m
[0m[[0m[0mdebug[0m] [0m[0m  Load.apply: finalTransforms took 34.138501ms[0m
[0m[[0m[0mdebug[0m] [0m[0m  Load.apply: config.delegates took 3.878496ms[0m
[0m[[0m[0mdebug[0m] [0m[0m  Load.apply: Def.make(settings)... took 300.130135ms[0m
[0m[[0m[0mdebug[0m] [0m[0m  Load.apply: structureIndex took 64.467651ms[0m
[0m[[0m[0mdebug[0m] [0m[0m  Load.apply: mkStreams took 0.944903ms[0m
[0m[[0m[0minfo[0m] [0m[0mloading global plugins from /home/schrodinger/.sbt/1.0/plugins[0m
[0m[[0m[0mdebug[0m] [0m[0mRunning task... Cancel: Signal, check cycles: false, forcegc: true[0m
[0m[[0m[0mdebug[0m] [0m[0mLoad.defaultLoad until apply took 1710.455406ms[0m
[0m[[0m[0mdebug[0m] [0m[0m    Load.loadUnit: plugins took 8.557041ms[0m
[0m[[0m[0mdebug[0m] [0m[0m    Load.loadUnit: defsScala took 0.002825ms[0m
[0m[[0m[0mdebug[0m] [0m[0m[Loading] Scanning directory /home/schrodinger/Documents/GraalLua/graal-elvish/language[0m
[0m[[0m[0mdebug[0m] [0m[0m[Loading] Found non-root projects [0m
[0m[[0m[0mdebug[0m] [0m[0m[Loading] Done in /home/schrodinger/Documents/GraalLua/graal-elvish/language, returning: ()[0m
[0m[[0m[0mdebug[0m] [0m[0mdeducing auto plugins based on known facts Set(Atom(sbt.plugins.CorePlugin)) and clauses Clauses(List(Clause(Atom(sbt.plugins.JvmPlugin),Set(Atom(sbt.plugins.IvyPlugin))), Clause(Atom(sbt.ScriptedPlugin),Set(Atom(sbt.plugins.JvmPlugin))), Clause(Atom(sbt.plugins.SbtPlugin),Set(Atom(sbt.ScriptedPlugin))), Clause(Atom(sbt.plugins.SemanticdbPlugin),Set(Atom(sbt.plugins.JvmPlugin))), Clause(Atom(sbt.plugins.JUnitXmlReportPlugin),Set(Atom(sbt.plugins.JvmPlugin))), Clause(Atom(sbt.plugins.MiniDependencyTreePlugin),Set(Atom(sbt.plugins.JvmPlugin))), Clause(Atom(sbt.plugins.CorePlugin),Set(Atom(sbt.plugins.IvyPlugin))), Clause(Atom(sbt.plugins.IvyPlugin),Set(Atom(sbt.plugins.JvmPlugin))), Clause(Atom(sbt.plugins.JvmPlugin),Set(Atom(sbt.plugins.SemanticdbPlugin))), Clause(Atom(sbt.plugins.JvmPlugin),Set(Atom(sbt.plugins.JUnitXmlReportPlugin))), Clause(Atom(sbt.plugins.CorePlugin),Set(Atom(sbt.plugins.Giter8TemplatePlugin))), Clause(Atom(sbt.plugins.JvmPlugin),Set(Atom(sbt.plugins.MiniDependencyTreePlugin)))))[0m
[0m[[0m[0mdebug[0m] [0m[0m  :: deduced result: Matched(sbt.plugins.CorePlugin,sbt.plugins.Giter8TemplatePlugin,sbt.plugins.IvyPlugin,sbt.plugins.JvmPlugin,sbt.plugins.MiniDependencyTreePlugin,sbt.plugins.JUnitXmlReportPlugin,sbt.plugins.SemanticdbPlugin)[0m
[0m[[0m[0mdebug[0m] [0m[0mPlugins.deducer#function took 1.296942 ms[0m
[0m[[0m[0mdebug[0m] [0m[0m        Load.resolveProject(language) took 0.593505ms[0m
[0m[[0m[0mdebug[0m] [0m[0m      Load.loadTransitive: finalizeProject(Project(id language, base: /home/schrodinger/Documents/GraalLua/graal-elvish/language, plugins: List(<none>))) took 2.20167ms[0m
[0m[[0m[0mdebug[0m] [0m[0m[Loading] Done in /home/schrodinger/Documents/GraalLua/graal-elvish/language, returning: (language)[0m
[0m[[0m[0mdebug[0m] [0m[0m    Load.loadUnit: loadedProjectsRaw took 3.19767ms[0m
[0m[[0m[0mdebug[0m] [0m[0m    Load.loadUnit: cleanEvalClasses took 0.006495ms[0m
[0m[[0m[0mdebug[0m] [0m[0m  Load.loadUnit(file:/home/schrodinger/Documents/GraalLua/graal-elvish/language/, ...) took 12.124119ms[0m
[0m[[0m[0mdebug[0m] [0m[0mLoad.apply: load took 13.057818ms[0m
[0m[[0m[0mdebug[0m] [0m[0mLoad.apply: resolveProjects took 0.077088ms[0m
[0m[[0m[0mdebug[0m] [0m[0mLoad.apply: finalTransforms took 6.27272ms[0m
[0m[[0m[0mdebug[0m] [0m[0mLoad.apply: config.delegates took 0.238611ms[0m
[0m[[0m[0mdebug[0m] [0m[0mLoad.apply: Def.make(settings)... took 64.204797ms[0m
[0m[[0m[0mdebug[0m] [0m[0mLoad.apply: structureIndex took 21.281275ms[0m
[0m[[0m[0mdebug[0m] [0m[0mLoad.apply: mkStreams took 0.00267ms[0m
[0m[[0m[0minfo[0m] [0m[0mset current project to language (in build file:/home/schrodinger/Documents/GraalLua/graal-elvish/language/)[0m
[0m[[0m[0mdebug[0m] [0m[0m> Exec(sbtPopOnFailure, None, None)[0m
[0m[[0m[0mdebug[0m] [0m[0m> Exec(resumeFromFailure, None, None)[0m
[0m[[0m[0mdebug[0m] [0m[0m> Exec(notifyUsersAboutShell, None, None)[0m
[0m[[0m[0mdebug[0m] [0m[0m> Exec(iflast shell, None, None)[0m
[0m[[0m[0mdebug[0m] [0m[0m> Exec(new, None, None)[0m
[0m[[0m[0minfo[0m] [0m[0mset current project to language (in build file:/home/schrodinger/Documents/GraalLua/graal-elvish/language/)[0m
[0m[[0m[0mdebug[0m] [0m[0mRunning task... Cancel: Signal, check cycles: false, forcegc: true[0m
[0m[[0m[0mdebug[0m] [0m[0mAttempting to fetch org.scala-sbt.sbt-giter8-resolver % sbt-giter8-resolver_2.12 % 0.13.1. This operation may fail.[0m
[0m[[0m[0mdebug[0m] [0m[0m:: resolving dependencies :: org.scala-sbt.temp#temp-module-926c08c6fcee167b243e4fa4851a85997a4f15bc;0.13.1[0m
[0m[[0m[0mdebug[0m] [0m[0m	confs: [compile, runtime, test, provided, optional][0m
[0m[[0m[0mdebug[0m] [0m[0m	validate = true[0m
[0m[[0m[0mdebug[0m] [0m[0m	refresh = false[0m
[0m[[0m[0mdebug[0m] [0m[0mresolving dependencies for configuration 'compile'[0m
[0m[[0m[0mdebug[0m] [0m[0m== resolving dependencies for org.scala-sbt.temp#temp-module-926c08c6fcee167b243e4fa4851a85997a4f15bc;0.13.1 [compile][0m
[0m[[0m[0mdebug[0m] [0m[0m== resolving dependencies org.scala-sbt.temp#temp-module-926c08c6fcee167b243e4fa4851a85997a4f15bc;0.13.1->org.scala-sbt.sbt-giter8-resolver#sbt-giter8-resolver_2.12;0.13.1 [compile->default(compile)][0m
[0m[[0m[0mdebug[0m] [0m[0msbt-chain: Checking cache for: dependency: org.scala-sbt.sbt-giter8-resolver#sbt-giter8-resolver_2.12;0.13.1 {compile=[default(compile)]}[0m
[0m[[0m[0mdebug[0m] [0m[0msbt-chain-delegate: Checking cache for: dependency: org.scala-sbt.sbt-giter8-resolver#sbt-giter8-resolver_2.12;0.13.1 {compile=[default(compile)]}[0m
[0m[[0m[0mdebug[0m] [0m[0m		tried /home/schrodinger/.ivy2/local/org.scala-sbt.sbt-giter8-resolver/sbt-giter8-resolver_2.12/0.13.1/ivys/ivy.xml[0m
[0m[[0m[0mdebug[0m] [0m[0m	local: no ivy file found for org.scala-sbt.sbt-giter8-resolver#sbt-giter8-resolver_2.12;0.13.1[0m
[0m[[0m[0mdebug[0m] [0m[0m		tried https://repo1.maven.org/maven2/org/scala-sbt/sbt-giter8-resolver/sbt-giter8-resolver_2.12/0.13.1/sbt-giter8-resolver_2.12-0.13.1.pom[0m
